<?xml version="1.0" encoding="UTF-8"?>
<testsuite name="com.qa.ilCarro.tests.RegistrationTests" tests="1" skipped="0" failures="0" errors="0" timestamp="2020-05-13T09:31:24" hostname="Krina" time="4.978">
  <properties/>
  <testcase name="registrationFromHeader" classname="com.qa.ilCarro.tests.RegistrationTests" time="4.978"/>
  <system-out><![CDATA[12:31:24.951 [Test worker] INFO  com.qa.ilCarro.tests.TestBase - Start test registrationFromHeader  with parameters: []
12:31:29.930 [Test worker] INFO  com.qa.ilCarro.tests.TestBase - Stop test registrationFromHeader
]]></system-out>
  <system-err><![CDATA[]]></system-err>
</testsuite>
